Using pre-set license
Built from '2020.3/staging' branch; Version is '2020.3.9f1 (108be757e447) revision 1084391'; Using compiler version '192528614'; Build Type 'Release'
OS: 'Windows 10 Enterprise; OS build 19042.1237; Version 2009; 64bit' Language: 'en' Physical Memory: 32596 MB
BatchMode: 1, IsHumanControllingUs: 0, StartBugReporterOnCrash: 0, Is64bit: 1, IsPro: 0

 COMMAND LINE ARGUMENTS:
C:\Program Files\Unity\Hub\Editor\2020.3.9f1\Editor\Unity.exe
-adb2
-batchMode
-noUpm
-name
AssetImportWorker0
-projectPath
C:/Users/s0497355/Desktop/unity_projects/sandBoxXR/sandBox
-logFile
Logs/AssetImportWorker0.log
-srvPort
55853
Successfully changed project path to: C:/Users/s0497355/Desktop/unity_projects/sandBoxXR/sandBox
C:/Users/s0497355/Desktop/unity_projects/sandBoxXR/sandBox
Using Asset Import Pipeline V2.
Refreshing native plugins compatible for Editor in 37.92 ms, found 0 plugins.
Preloading 0 native plugins for Editor in 0.00 ms.
Initialize engine version: 2020.3.9f1 (108be757e447)
[Subsystems] Discovering subsystems at path C:/Program Files/Unity/Hub/Editor/2020.3.9f1/Editor/Data/Resources/UnitySubsystems
[Subsystems] Discovering subsystems at path C:/Users/s0497355/Desktop/unity_projects/sandBoxXR/sandBox/Assets
GfxDevice: creating device client; threaded=0
Direct3D:
    Version:  Direct3D 11.0 [level 11.1]
    Renderer: NVIDIA GeForce RTX 2080 SUPER (ID=0x1e81)
    Vendor:   
    VRAM:     8010 MB
    Driver:   27.21.14.6137
Initialize mono
Mono path[0] = 'C:/Program Files/Unity/Hub/Editor/2020.3.9f1/Editor/Data/Managed'
Mono path[1] = 'C:/Program Files/Unity/Hub/Editor/2020.3.9f1/Editor/Data/MonoBleedingEdge/lib/mono/unityjit'
Mono config path = 'C:/Program Files/Unity/Hub/Editor/2020.3.9f1/Editor/Data/MonoBleedingEdge/etc'
Using monoOptions --debugger-agent=transport=dt_socket,embedding=1,server=y,suspend=n,address=127.0.0.1:56316
Begin MonoManager ReloadAssembly
Registering precompiled unity dll's ...
Register platform support module: C:/Program Files/Unity/Hub/Editor/2020.3.9f1/Editor/Data/PlaybackEngines/WindowsStandaloneSupport/UnityEditor.WindowsStandalone.Extensions.dll
Registered in 0.001958 seconds.
Native extension for WindowsStandalone target not found
Refreshing native plugins compatible for Editor in 37.87 ms, found 0 plugins.
Preloading 0 native plugins for Editor in 0.00 ms.
Mono: successfully reloaded assembly
- Completed reload, in  1.516 seconds
Platform modules already initialized, skipping
Registering precompiled user dll's ...
Registered in 0.001368 seconds.
Begin MonoManager ReloadAssembly
Native extension for WindowsStandalone target not found
Refreshing native plugins compatible for Editor in 39.14 ms, found 0 plugins.
Preloading 0 native plugins for Editor in 0.00 ms.
Mono: successfully reloaded assembly
- Completed reload, in  0.811 seconds
Platform modules already initialized, skipping
========================================================================
Worker process is ready to serve import requests
Shader 'Universal Render Pipeline/Particles/Lit': fallback shader 'Universal Render Pipeline/Particles/SimpleLit' not found
Shader 'Universal Render Pipeline/Particles/Lit': fallback shader 'Universal Render Pipeline/Particles/SimpleLit' not found
Launched and connected shader compiler UnityShaderCompiler.exe after 0.05 seconds
Refreshing native plugins compatible for Editor in 0.38 ms, found 0 plugins.
Preloading 0 native plugins for Editor in 0.00 ms.
Unloading 2718 Unused Serialized files (Serialized files now loaded: 0)
System memory in use before: 126.0 MB.
System memory in use after: 123.2 MB.

Unloading 47 unused Assets to reduce memory usage. Loaded Objects now: 3128.
Total: 2.750500 ms (FindLiveObjects: 0.182000 ms CreateObjectMapping: 0.086300 ms MarkObjects: 1.446500 ms  DeleteObjects: 1.035000 ms)

========================================================================
Received Import Request.
  path: Assets/input Actions/PlayerInput.inputactions
  artifactKey: Guid(e750f31032c7ada489688da631c3736f) Importer(815301076,1909f56bfc062723c751e8b465ee728b)
Start importing Assets/input Actions/PlayerInput.inputactions using Guid(e750f31032c7ada489688da631c3736f) Importer(815301076,1909f56bfc062723c751e8b465ee728b)  -> (artifact id: 'c9ce0ba47407b722a77447be1ea48863') in 0.039109 seconds
  Import took 0.042468 seconds .

========================================================================
Received Import Request.
  Time since last request: 249.911160 seconds.
  path: Assets/input Actions/PlayerInput.inputactions
  artifactKey: Guid(e750f31032c7ada489688da631c3736f) Importer(815301076,1909f56bfc062723c751e8b465ee728b)
Start importing Assets/input Actions/PlayerInput.inputactions using Guid(e750f31032c7ada489688da631c3736f) Importer(815301076,1909f56bfc062723c751e8b465ee728b)  -> (artifact id: '5bd999c4afac4bdc0144a68c9eb5e5db') in 0.008385 seconds
  Import took 0.012367 seconds .

========================================================================
Received Import Request.
  Time since last request: 10.698795 seconds.
  path: Assets/Scripts/playBack.cs
  artifactKey: Guid(880c902450e8e254385049abc38c4e76) Importer(815301076,1909f56bfc062723c751e8b465ee728b)
Start importing Assets/Scripts/playBack.cs using Guid(880c902450e8e254385049abc38c4e76) Importer(815301076,1909f56bfc062723c751e8b465ee728b)  -> (artifact id: 'bea99ed47f24da1d8270169012e4a0f3') in 0.010225 seconds
  Import took 0.013727 seconds .

========================================================================
Received Import Request.
  Time since last request: 37.893136 seconds.
  path: Assets/Scripts/playBack.cs
  artifactKey: Guid(880c902450e8e254385049abc38c4e76) Importer(815301076,1909f56bfc062723c751e8b465ee728b)
Start importing Assets/Scripts/playBack.cs using Guid(880c902450e8e254385049abc38c4e76) Importer(815301076,1909f56bfc062723c751e8b465ee728b)  -> (artifact id: 'aa93d13d7d81ca17726110e166c6b553') in 0.005623 seconds
  Import took 0.009116 seconds .

========================================================================
Received Import Request.
  Time since last request: 35.521252 seconds.
  path: Assets/Scripts/playBack.cs
  artifactKey: Guid(880c902450e8e254385049abc38c4e76) Importer(815301076,1909f56bfc062723c751e8b465ee728b)
Start importing Assets/Scripts/playBack.cs using Guid(880c902450e8e254385049abc38c4e76) Importer(815301076,1909f56bfc062723c751e8b465ee728b)  -> (artifact id: 'a28bff7ddaa852d487374ff71d00bc20') in 0.004974 seconds
  Import took 0.008400 seconds .

========================================================================
Received Prepare
Registering precompiled user dll's ...
Registered in 0.001284 seconds.
Begin MonoManager ReloadAssembly
Native extension for WindowsStandalone target not found
Refreshing native plugins compatible for Editor in 0.37 ms, found 0 plugins.
Preloading 0 native plugins for Editor in 0.00 ms.
Mono: successfully reloaded assembly
- Completed reload, in  0.711 seconds
Platform modules already initialized, skipping
Shader 'Universal Render Pipeline/Particles/Lit': fallback shader 'Universal Render Pipeline/Particles/SimpleLit' not found
Shader 'Universal Render Pipeline/Particles/Lit': fallback shader 'Universal Render Pipeline/Particles/SimpleLit' not found
Refreshing native plugins compatible for Editor in 0.37 ms, found 0 plugins.
Preloading 0 native plugins for Editor in 0.00 ms.
Unloading 2643 Unused Serialized files (Serialized files now loaded: 0)
System memory in use before: 122.6 MB.
System memory in use after: 119.8 MB.

Unloading 40 unused Assets to reduce memory usage. Loaded Objects now: 3131.
Total: 2.777000 ms (FindLiveObjects: 0.199900 ms CreateObjectMapping: 0.090500 ms MarkObjects: 1.392200 ms  DeleteObjects: 1.093200 ms)

========================================================================
Received Prepare
Registering precompiled user dll's ...
Registered in 0.001313 seconds.
Begin MonoManager ReloadAssembly
Native extension for WindowsStandalone target not found
Refreshing native plugins compatible for Editor in 0.42 ms, found 0 plugins.
Preloading 0 native plugins for Editor in 0.00 ms.
Mono: successfully reloaded assembly
- Completed reload, in  0.898 seconds
Platform modules already initialized, skipping
Shader 'Universal Render Pipeline/Particles/Lit': fallback shader 'Universal Render Pipeline/Particles/SimpleLit' not found
Shader 'Universal Render Pipeline/Particles/Lit': fallback shader 'Universal Render Pipeline/Particles/SimpleLit' not found
Refreshing native plugins compatible for Editor in 0.41 ms, found 0 plugins.
Preloading 0 native plugins for Editor in 0.00 ms.
Unloading 2643 Unused Serialized files (Serialized files now loaded: 0)
System memory in use before: 122.6 MB.
System memory in use after: 119.9 MB.

Unloading 40 unused Assets to reduce memory usage. Loaded Objects now: 3134.
Total: 3.243000 ms (FindLiveObjects: 0.221200 ms CreateObjectMapping: 0.112200 ms MarkObjects: 1.675000 ms  DeleteObjects: 1.233700 ms)

========================================================================
Received Import Request.
  Time since last request: 48.515541 seconds.
  path: Assets/Scripts/playBack.cs
  artifactKey: Guid(880c902450e8e254385049abc38c4e76) Importer(815301076,1909f56bfc062723c751e8b465ee728b)
Start importing Assets/Scripts/playBack.cs using Guid(880c902450e8e254385049abc38c4e76) Importer(815301076,1909f56bfc062723c751e8b465ee728b)  -> (artifact id: 'b2a8518dd9221a3e13f0e0ae76286ce7') in 0.006502 seconds
  Import took 0.010462 seconds .

========================================================================
Received Prepare
Registering precompiled user dll's ...
Registered in 0.001426 seconds.
Begin MonoManager ReloadAssembly
Native extension for WindowsStandalone target not found
Refreshing native plugins compatible for Editor in 0.37 ms, found 0 plugins.
Preloading 0 native plugins for Editor in 0.00 ms.
Mono: successfully reloaded assembly
- Completed reload, in  0.729 seconds
Platform modules already initialized, skipping
Shader 'Universal Render Pipeline/Particles/Lit': fallback shader 'Universal Render Pipeline/Particles/SimpleLit' not found
Shader 'Universal Render Pipeline/Particles/Lit': fallback shader 'Universal Render Pipeline/Particles/SimpleLit' not found
Refreshing native plugins compatible for Editor in 0.37 ms, found 0 plugins.
Preloading 0 native plugins for Editor in 0.00 ms.
Unloading 2643 Unused Serialized files (Serialized files now loaded: 0)
System memory in use before: 122.7 MB.
System memory in use after: 119.9 MB.

Unloading 40 unused Assets to reduce memory usage. Loaded Objects now: 3137.
Total: 3.003800 ms (FindLiveObjects: 0.190400 ms CreateObjectMapping: 0.090700 ms MarkObjects: 1.573700 ms  DeleteObjects: 1.148100 ms)

========================================================================
Received Import Request.
  Time since last request: 123.252620 seconds.
  path: Assets/Scripts/playBack.cs
  artifactKey: Guid(880c902450e8e254385049abc38c4e76) Importer(815301076,1909f56bfc062723c751e8b465ee728b)
Start importing Assets/Scripts/playBack.cs using Guid(880c902450e8e254385049abc38c4e76) Importer(815301076,1909f56bfc062723c751e8b465ee728b)  -> (artifact id: 'bc31f6fcb2f4cc8efc18f974ecd97bf4') in 0.010221 seconds
  Import took 0.013337 seconds .

========================================================================
Received Prepare
Registering precompiled user dll's ...
Registered in 0.001462 seconds.
Begin MonoManager ReloadAssembly
Native extension for WindowsStandalone target not found
Refreshing native plugins compatible for Editor in 0.37 ms, found 0 plugins.
Preloading 0 native plugins for Editor in 0.00 ms.
Mono: successfully reloaded assembly
- Completed reload, in  0.730 seconds
Platform modules already initialized, skipping
Shader 'Universal Render Pipeline/Particles/Lit': fallback shader 'Universal Render Pipeline/Particles/SimpleLit' not found
Shader 'Universal Render Pipeline/Particles/Lit': fallback shader 'Universal Render Pipeline/Particles/SimpleLit' not found
Refreshing native plugins compatible for Editor in 0.37 ms, found 0 plugins.
Preloading 0 native plugins for Editor in 0.00 ms.
Unloading 2643 Unused Serialized files (Serialized files now loaded: 0)
System memory in use before: 122.7 MB.
System memory in use after: 119.9 MB.

Unloading 40 unused Assets to reduce memory usage. Loaded Objects now: 3140.
Total: 3.001400 ms (FindLiveObjects: 0.201200 ms CreateObjectMapping: 0.088800 ms MarkObjects: 1.539800 ms  DeleteObjects: 1.170800 ms)

========================================================================
Received Import Request.
  Time since last request: 160.150137 seconds.
  path: Assets/Scripts/playBack.cs
  artifactKey: Guid(880c902450e8e254385049abc38c4e76) Importer(815301076,1909f56bfc062723c751e8b465ee728b)
Start importing Assets/Scripts/playBack.cs using Guid(880c902450e8e254385049abc38c4e76) Importer(815301076,1909f56bfc062723c751e8b465ee728b)  -> (artifact id: 'e552c9ca6cc78b8736dbbbed59c92a82') in 0.006454 seconds
  Import took 0.009588 seconds .

========================================================================
Received Prepare
Registering precompiled user dll's ...
Registered in 0.001611 seconds.
Begin MonoManager ReloadAssembly
Native extension for WindowsStandalone target not found
Refreshing native plugins compatible for Editor in 0.39 ms, found 0 plugins.
Preloading 0 native plugins for Editor in 0.00 ms.
Mono: successfully reloaded assembly
- Completed reload, in  0.914 seconds
Platform modules already initialized, skipping
Shader 'Universal Render Pipeline/Particles/Lit': fallback shader 'Universal Render Pipeline/Particles/SimpleLit' not found
Shader 'Universal Render Pipeline/Particles/Lit': fallback shader 'Universal Render Pipeline/Particles/SimpleLit' not found
Refreshing native plugins compatible for Editor in 0.41 ms, found 0 plugins.
Preloading 0 native plugins for Editor in 0.00 ms.
Unloading 2643 Unused Serialized files (Serialized files now loaded: 0)
System memory in use before: 122.7 MB.
System memory in use after: 120.0 MB.

Unloading 40 unused Assets to reduce memory usage. Loaded Objects now: 3143.
Total: 3.854500 ms (FindLiveObjects: 0.213300 ms CreateObjectMapping: 0.095400 ms MarkObjects: 2.063800 ms  DeleteObjects: 1.481300 ms)

========================================================================
Received Prepare
Registering precompiled user dll's ...
Registered in 0.001339 seconds.
Begin MonoManager ReloadAssembly
Native extension for WindowsStandalone target not found
Refreshing native plugins compatible for Editor in 0.37 ms, found 0 plugins.
Preloading 0 native plugins for Editor in 0.00 ms.
Mono: successfully reloaded assembly
- Completed reload, in  0.748 seconds
Platform modules already initialized, skipping
Shader 'Universal Render Pipeline/Particles/Lit': fallback shader 'Universal Render Pipeline/Particles/SimpleLit' not found
Shader 'Universal Render Pipeline/Particles/Lit': fallback shader 'Universal Render Pipeline/Particles/SimpleLit' not found
Refreshing native plugins compatible for Editor in 0.37 ms, found 0 plugins.
Preloading 0 native plugins for Editor in 0.00 ms.
Unloading 2643 Unused Serialized files (Serialized files now loaded: 0)
System memory in use before: 122.7 MB.
System memory in use after: 120.0 MB.

Unloading 40 unused Assets to reduce memory usage. Loaded Objects now: 3146.
Total: 2.931300 ms (FindLiveObjects: 0.189300 ms CreateObjectMapping: 0.090000 ms MarkObjects: 1.471600 ms  DeleteObjects: 1.179800 ms)

========================================================================
Received Import Request.
  Time since last request: 397.428526 seconds.
  path: Assets/Scripts/playBack.cs
  artifactKey: Guid(880c902450e8e254385049abc38c4e76) Importer(815301076,1909f56bfc062723c751e8b465ee728b)
Start importing Assets/Scripts/playBack.cs using Guid(880c902450e8e254385049abc38c4e76) Importer(815301076,1909f56bfc062723c751e8b465ee728b)  -> (artifact id: '9213fc949d3a257f25424df958300b15') in 0.009952 seconds
  Import took 0.013159 seconds .

========================================================================
Received Import Request.
  Time since last request: 142.148517 seconds.
  path: Assets/input Actions/PlayerInput.inputactions
  artifactKey: Guid(e750f31032c7ada489688da631c3736f) Importer(815301076,1909f56bfc062723c751e8b465ee728b)
Start importing Assets/input Actions/PlayerInput.inputactions using Guid(e750f31032c7ada489688da631c3736f) Importer(815301076,1909f56bfc062723c751e8b465ee728b)  -> (artifact id: 'e8054e7bcff39df4b11724589a0d1902') in 0.079226 seconds
  Import took 0.082691 seconds .

========================================================================
Received Prepare
Registering precompiled user dll's ...
Registered in 0.001466 seconds.
Begin MonoManager ReloadAssembly
Native extension for WindowsStandalone target not found
Refreshing native plugins compatible for Editor in 0.37 ms, found 0 plugins.
Preloading 0 native plugins for Editor in 0.00 ms.
Mono: successfully reloaded assembly
- Completed reload, in  0.769 seconds
Platform modules already initialized, skipping
Shader 'Universal Render Pipeline/Particles/Lit': fallback shader 'Universal Render Pipeline/Particles/SimpleLit' not found
Shader 'Universal Render Pipeline/Particles/Lit': fallback shader 'Universal Render Pipeline/Particles/SimpleLit' not found
Refreshing native plugins compatible for Editor in 0.37 ms, found 0 plugins.
Preloading 0 native plugins for Editor in 0.00 ms.
Unloading 2644 Unused Serialized files (Serialized files now loaded: 0)
System memory in use before: 122.7 MB.
System memory in use after: 120.0 MB.

Unloading 40 unused Assets to reduce memory usage. Loaded Objects now: 3150.
Total: 2.960900 ms (FindLiveObjects: 0.196000 ms CreateObjectMapping: 0.092900 ms MarkObjects: 1.486500 ms  DeleteObjects: 1.184900 ms)

========================================================================
Received Prepare
Registering precompiled user dll's ...
Registered in 0.064907 seconds.
Begin MonoManager ReloadAssembly
Native extension for WindowsStandalone target not found
Refreshing native plugins compatible for Editor in 0.37 ms, found 0 plugins.
Preloading 0 native plugins for Editor in 0.00 ms.
Mono: successfully reloaded assembly
- Completed reload, in  4.387 seconds
Platform modules already initialized, skipping
Shader 'Universal Render Pipeline/Particles/Lit': fallback shader 'Universal Render Pipeline/Particles/SimpleLit' not found
Shader 'Universal Render Pipeline/Particles/Lit': fallback shader 'Universal Render Pipeline/Particles/SimpleLit' not found
Refreshing native plugins compatible for Editor in 0.38 ms, found 0 plugins.
Preloading 0 native plugins for Editor in 0.00 ms.
Unloading 2644 Unused Serialized files (Serialized files now loaded: 0)
System memory in use before: 122.8 MB.
System memory in use after: 120.0 MB.

Unloading 40 unused Assets to reduce memory usage. Loaded Objects now: 3153.
Total: 3.273000 ms (FindLiveObjects: 0.200800 ms CreateObjectMapping: 0.085600 ms MarkObjects: 1.774500 ms  DeleteObjects: 1.211300 ms)

========================================================================
Received Prepare
Registering precompiled user dll's ...
Registered in 0.001320 seconds.
Begin MonoManager ReloadAssembly
Native extension for WindowsStandalone target not found
Refreshing native plugins compatible for Editor in 0.37 ms, found 0 plugins.
Preloading 0 native plugins for Editor in 0.00 ms.
Mono: successfully reloaded assembly
- Completed reload, in  0.707 seconds
Platform modules already initialized, skipping
Shader 'Universal Render Pipeline/Particles/Lit': fallback shader 'Universal Render Pipeline/Particles/SimpleLit' not found
Shader 'Universal Render Pipeline/Particles/Lit': fallback shader 'Universal Render Pipeline/Particles/SimpleLit' not found
Refreshing native plugins compatible for Editor in 0.44 ms, found 0 plugins.
Preloading 0 native plugins for Editor in 0.00 ms.
Unloading 2644 Unused Serialized files (Serialized files now loaded: 0)
System memory in use before: 122.8 MB.
System memory in use after: 120.1 MB.

Unloading 40 unused Assets to reduce memory usage. Loaded Objects now: 3156.
Total: 2.927000 ms (FindLiveObjects: 0.185900 ms CreateObjectMapping: 0.083900 ms MarkObjects: 1.455800 ms  DeleteObjects: 1.200800 ms)

========================================================================
Received Prepare
Registering precompiled user dll's ...
Registered in 0.001297 seconds.
Begin MonoManager ReloadAssembly
Native extension for WindowsStandalone target not found
Refreshing native plugins compatible for Editor in 0.52 ms, found 0 plugins.
Preloading 0 native plugins for Editor in 0.00 ms.
Mono: successfully reloaded assembly
- Completed reload, in  0.904 seconds
Platform modules already initialized, skipping
Shader 'Universal Render Pipeline/Particles/Lit': fallback shader 'Universal Render Pipeline/Particles/SimpleLit' not found
Shader 'Universal Render Pipeline/Particles/Lit': fallback shader 'Universal Render Pipeline/Particles/SimpleLit' not found
Refreshing native plugins compatible for Editor in 0.41 ms, found 0 plugins.
Preloading 0 native plugins for Editor in 0.00 ms.
Unloading 2644 Unused Serialized files (Serialized files now loaded: 0)
System memory in use before: 122.8 MB.
System memory in use after: 120.1 MB.

Unloading 40 unused Assets to reduce memory usage. Loaded Objects now: 3159.
Total: 3.693900 ms (FindLiveObjects: 0.281400 ms CreateObjectMapping: 0.098000 ms MarkObjects: 1.846700 ms  DeleteObjects: 1.467000 ms)

========================================================================
Received Prepare
Registering precompiled user dll's ...
Registered in 0.001350 seconds.
Begin MonoManager ReloadAssembly
Native extension for WindowsStandalone target not found
Refreshing native plugins compatible for Editor in 0.43 ms, found 0 plugins.
Preloading 0 native plugins for Editor in 0.00 ms.
Mono: successfully reloaded assembly
- Completed reload, in  0.888 seconds
Platform modules already initialized, skipping
Shader 'Universal Render Pipeline/Particles/Lit': fallback shader 'Universal Render Pipeline/Particles/SimpleLit' not found
Shader 'Universal Render Pipeline/Particles/Lit': fallback shader 'Universal Render Pipeline/Particles/SimpleLit' not found
Refreshing native plugins compatible for Editor in 0.37 ms, found 0 plugins.
Preloading 0 native plugins for Editor in 0.00 ms.
Unloading 2644 Unused Serialized files (Serialized files now loaded: 0)
System memory in use before: 122.8 MB.
System memory in use after: 120.1 MB.

Unloading 40 unused Assets to reduce memory usage. Loaded Objects now: 3162.
Total: 3.104700 ms (FindLiveObjects: 0.190500 ms CreateObjectMapping: 0.086700 ms MarkObjects: 1.490000 ms  DeleteObjects: 1.336700 ms)

========================================================================
Received Prepare
Registering precompiled user dll's ...
Registered in 0.001503 seconds.
Begin MonoManager ReloadAssembly
Native extension for WindowsStandalone target not found
Refreshing native plugins compatible for Editor in 0.37 ms, found 0 plugins.
Preloading 0 native plugins for Editor in 0.00 ms.
Mono: successfully reloaded assembly
- Completed reload, in  0.756 seconds
Platform modules already initialized, skipping
Shader 'Universal Render Pipeline/Particles/Lit': fallback shader 'Universal Render Pipeline/Particles/SimpleLit' not found
Shader 'Universal Render Pipeline/Particles/Lit': fallback shader 'Universal Render Pipeline/Particles/SimpleLit' not found
Refreshing native plugins compatible for Editor in 0.38 ms, found 0 plugins.
Preloading 0 native plugins for Editor in 0.00 ms.
Unloading 2645 Unused Serialized files (Serialized files now loaded: 0)
System memory in use before: 122.9 MB.
System memory in use after: 120.1 MB.

Unloading 40 unused Assets to reduce memory usage. Loaded Objects now: 3166.
Total: 3.166000 ms (FindLiveObjects: 0.182500 ms CreateObjectMapping: 0.085600 ms MarkObjects: 1.525600 ms  DeleteObjects: 1.371100 ms)

========================================================================
Received Import Request.
  Time since last request: 563.223557 seconds.
  path: Assets/Scripts/AudioTrigger.cs
  artifactKey: Guid(ffc75a39f98f2e846baeec0476d28e2a) Importer(815301076,1909f56bfc062723c751e8b465ee728b)
Start importing Assets/Scripts/AudioTrigger.cs using Guid(ffc75a39f98f2e846baeec0476d28e2a) Importer(815301076,1909f56bfc062723c751e8b465ee728b)  -> (artifact id: '370d7fcd7469fcb11ad3739111770764') in 0.014002 seconds
  Import took 0.017822 seconds .

========================================================================
Received Import Request.
  Time since last request: 0.000949 seconds.
  path: Assets/Scripts/AudioTrigger.cs
  artifactKey: Guid(ffc75a39f98f2e846baeec0476d28e2a) Importer(815301076,1909f56bfc062723c751e8b465ee728b)
Start importing Assets/Scripts/AudioTrigger.cs using Guid(ffc75a39f98f2e846baeec0476d28e2a) Importer(815301076,1909f56bfc062723c751e8b465ee728b)  -> (artifact id: '370d7fcd7469fcb11ad3739111770764') in 0.005114 seconds
  Import took 0.009333 seconds .

========================================================================
Received Prepare
Registering precompiled user dll's ...
Registered in 0.001317 seconds.
Begin MonoManager ReloadAssembly
Native extension for WindowsStandalone target not found
Refreshing native plugins compatible for Editor in 0.38 ms, found 0 plugins.
Preloading 0 native plugins for Editor in 0.00 ms.
Mono: successfully reloaded assembly
- Completed reload, in  0.740 seconds
Platform modules already initialized, skipping
Shader 'Universal Render Pipeline/Particles/Lit': fallback shader 'Universal Render Pipeline/Particles/SimpleLit' not found
Shader 'Universal Render Pipeline/Particles/Lit': fallback shader 'Universal Render Pipeline/Particles/SimpleLit' not found
Refreshing native plugins compatible for Editor in 0.38 ms, found 0 plugins.
Preloading 0 native plugins for Editor in 0.00 ms.
Unloading 2645 Unused Serialized files (Serialized files now loaded: 0)
System memory in use before: 122.9 MB.
System memory in use after: 120.1 MB.

Unloading 40 unused Assets to reduce memory usage. Loaded Objects now: 3169.
Total: 3.117000 ms (FindLiveObjects: 0.186600 ms CreateObjectMapping: 0.083100 ms MarkObjects: 1.552500 ms  DeleteObjects: 1.293900 ms)

========================================================================
Received Prepare
Registering precompiled user dll's ...
Registered in 0.001320 seconds.
Begin MonoManager ReloadAssembly
Native extension for WindowsStandalone target not found
Refreshing native plugins compatible for Editor in 0.37 ms, found 0 plugins.
Preloading 0 native plugins for Editor in 0.00 ms.
Mono: successfully reloaded assembly
- Completed reload, in  0.700 seconds
Platform modules already initialized, skipping
Shader 'Universal Render Pipeline/Particles/Lit': fallback shader 'Universal Render Pipeline/Particles/SimpleLit' not found
Shader 'Universal Render Pipeline/Particles/Lit': fallback shader 'Universal Render Pipeline/Particles/SimpleLit' not found
Refreshing native plugins compatible for Editor in 0.38 ms, found 0 plugins.
Preloading 0 native plugins for Editor in 0.00 ms.
Unloading 2645 Unused Serialized files (Serialized files now loaded: 0)
System memory in use before: 122.8 MB.
System memory in use after: 120.1 MB.

Unloading 40 unused Assets to reduce memory usage. Loaded Objects now: 3172.
Total: 2.904800 ms (FindLiveObjects: 0.195300 ms CreateObjectMapping: 0.089800 ms MarkObjects: 1.423700 ms  DeleteObjects: 1.195200 ms)

========================================================================
Received Import Request.
  Time since last request: 99.242456 seconds.
  path: Assets/Scripts/AudioTrigger.cs
  artifactKey: Guid(ffc75a39f98f2e846baeec0476d28e2a) Importer(815301076,1909f56bfc062723c751e8b465ee728b)
Start importing Assets/Scripts/AudioTrigger.cs using Guid(ffc75a39f98f2e846baeec0476d28e2a) Importer(815301076,1909f56bfc062723c751e8b465ee728b)  -> (artifact id: '6fa133e6405662f3ff19ea1f03b3442a') in 0.006358 seconds
  Import took 0.009382 seconds .

========================================================================
Received Prepare
Registering precompiled user dll's ...
Registered in 0.001355 seconds.
Begin MonoManager ReloadAssembly
Native extension for WindowsStandalone target not found
Refreshing native plugins compatible for Editor in 0.36 ms, found 0 plugins.
Preloading 0 native plugins for Editor in 0.00 ms.
Mono: successfully reloaded assembly
- Completed reload, in  0.724 seconds
Platform modules already initialized, skipping
Shader 'Universal Render Pipeline/Particles/Lit': fallback shader 'Universal Render Pipeline/Particles/SimpleLit' not found
Shader 'Universal Render Pipeline/Particles/Lit': fallback shader 'Universal Render Pipeline/Particles/SimpleLit' not found
Refreshing native plugins compatible for Editor in 0.37 ms, found 0 plugins.
Preloading 0 native plugins for Editor in 0.00 ms.
Unloading 2645 Unused Serialized files (Serialized files now loaded: 0)
System memory in use before: 122.9 MB.
System memory in use after: 120.1 MB.

Unloading 40 unused Assets to reduce memory usage. Loaded Objects now: 3175.
Total: 3.717400 ms (FindLiveObjects: 0.239200 ms CreateObjectMapping: 0.105200 ms MarkObjects: 1.933200 ms  DeleteObjects: 1.438400 ms)

========================================================================
Received Prepare
Registering precompiled user dll's ...
Registered in 0.001291 seconds.
Begin MonoManager ReloadAssembly
Native extension for WindowsStandalone target not found
Refreshing native plugins compatible for Editor in 0.37 ms, found 0 plugins.
Preloading 0 native plugins for Editor in 0.00 ms.
Mono: successfully reloaded assembly
- Completed reload, in  0.717 seconds
Platform modules already initialized, skipping
Shader 'Universal Render Pipeline/Particles/Lit': fallback shader 'Universal Render Pipeline/Particles/SimpleLit' not found
Shader 'Universal Render Pipeline/Particles/Lit': fallback shader 'Universal Render Pipeline/Particles/SimpleLit' not found
Refreshing native plugins compatible for Editor in 0.37 ms, found 0 plugins.
Preloading 0 native plugins for Editor in 0.00 ms.
Unloading 2645 Unused Serialized files (Serialized files now loaded: 0)
System memory in use before: 122.9 MB.
System memory in use after: 120.1 MB.

Unloading 40 unused Assets to reduce memory usage. Loaded Objects now: 3178.
Total: 2.932700 ms (FindLiveObjects: 0.185400 ms CreateObjectMapping: 0.084100 ms MarkObjects: 1.453300 ms  DeleteObjects: 1.209200 ms)

AssetImportWorkerClient::OnTransportError - code=2 error=End of file
